Temp/gradleOut/unityLibrary/FirebaseApp.androidlib/build/intermediates/manifest_merge_blame_file/release/manifest-merger-blame-release-report.txt
1<?xml version="1.0" encoding="utf-8"?>
2<manifest xmlns:android="http://schemas.android.com/apk/res/android"
3    package="com.google.firebase.app.unity"
4    android:versionCode="1"
5    android:versionName="1.0" >
6
7    <uses-sdk android:targetSdkVersion="9" />
7-->unityLibrary/FirebaseApp.androidlib/AndroidManifest.xml
8
9</manifest>